<?xml version="1.0" encoding="UTF-8"?>
<testsuite xmlns:xsi="http://www.w3.org/2001/XMLSchema-instance" xsi:noNamespaceSchemaLocation="https://maven.apache.org/surefire/maven-surefire-plugin/xsd/surefire-test-report.xsd" version="3.0.2" name="com.supershopcart.models.SharePermissionEntryTest" time="0.003" tests="8" errors="0" skipped="0" failures="0">
  <properties>
[...]
</properties>
  <testcase name="testHashCode_IdenticalObjects" classname="com.supershopcart.models.SharePermissionEntryTest" time="0.001"/>
  <testcase name="testEquals_NullAndDifferentClass" classname="com.supershopcart.models.SharePermissionEntryTest" time="0.0"/>
  <testcase name="testParameterizedConstructor" classname="com.supershopcart.models.SharePermissionEntryTest" time="0.001"/>
  <testcase name="testHashCode_DifferentObjects" classname="com.supershopcart.models.SharePermissionEntryTest" time="0.0"/>
  <testcase name="testEquals_IdenticalObjects" classname="com.supershopcart.models.SharePermissionEntryTest" time="0.0"/>
  <testcase name="testSetters" classname="com.supershopcart.models.SharePermissionEntryTest" time="0.001"/>
  <testcase name="testEquals_DifferentObjects" classname="com.supershopcart.models.SharePermissionEntryTest" time="0.0"/>
  <testcase name="testDefaultConstructor" classname="com.supershopcart.models.SharePermissionEntryTest" time="0.0"/>
</testsuite>