<?xml version="1.0" encoding="UTF-8"?>
<testsuite xmlns:xsi="http://www.w3.org/2001/XMLSchema-instance" xsi:noNamespaceSchemaLocation="https://maven.apache.org/surefire/maven-surefire-plugin/xsd/surefire-test-report.xsd" version="3.0.2" name="com.supershopcart.models.ShopCartFirestoreTest" time="2.169" tests="6" errors="0" skipped="0" failures="0">
  <properties>
[...]
</properties>
  <testcase name="testWriteAndReadShopCartAndShopper" classname="com.supershopcart.models.ShopCartFirestoreTest" time="0.064">
    <system-out><![CDATA[2025-08-05T23:43:54.580+01:00  INFO 13418 --- [supershopcart] [           main] t.c.s.AnnotationConfigContextLoaderUtils : Could not detect default configuration classes for test class [com.supershopcart.models.ShopCartFirestoreTest]: ShopCartFirestoreTest does not declare any static, non-private, non-final, nested classes annotated with @Configuration.
2025-08-05T23:43:54.597+01:00  INFO 13418 --- [supershopcart] [           main] .b.t.c.SpringBootTestContextBootstrapper : Found @SpringBootConfiguration com.supershopcart.SupershopcartApplication for test class com.supershopcart.models.ShopCartFirestoreTest
2025-08-05T23:43:54.602+01:00  INFO 13418 --- [supershopcart] [           main] o.s.b.d.r.RestartApplicationListener     : Restart disabled due to context in which it is running

  .   ____          _            __ _ _
 /\\ / ___'_ __ _ _(_)_ __  __ _ \ \ \ \
( ( )\___ | '_ | '_| | '_ \/ _` | \ \ \ \
 \\/  ___)| |_)| | | | | || (_| |  ) ) ) )
  '  |____| .__|_| |_|_| |_\__, | / / / /
 =========|_|==============|___/=/_/_/_/

 :: Spring Boot ::                (v3.5.3)

2025-08-05T23:43:54.636+01:00  INFO 13418 --- [supershopcart] [           main] c.s.models.ShopCartFirestoreTest         : Starting ShopCartFirestoreTest using Java 21.0.3 with PID 13418 (started by miguelloureiro in /Users/miguelloureiro/repos/supershopcart_app)
2025-08-05T23:43:54.636+01:00  INFO 13418 --- [supershopcart] [           main] c.s.models.ShopCartFirestoreTest         : The following 1 profile is active: "dev-emulator"
2025-08-05T23:43:54.817+01:00  INFO 13418 --- [supershopcart] [           main] .s.d.r.c.RepositoryConfigurationDelegate : Bootstrapping Spring Data JPA repositories in DEFAULT mode.
2025-08-05T23:43:54.825+01:00  INFO 13418 --- [supershopcart] [           main] .s.d.r.c.RepositoryConfigurationDelegate : Finished Spring Data repository scanning in 6 ms. Found 0 JPA repository interfaces.
2025-08-05T23:43:54.913+01:00  INFO 13418 --- [supershopcart] [           main] o.hibernate.jpa.internal.util.LogHelper  : HHH000204: Processing PersistenceUnitInfo [name: default]
2025-08-05T23:43:54.924+01:00  INFO 13418 --- [supershopcart] [           main] o.h.c.internal.RegionFactoryInitiator    : HHH000026: Second-level cache disabled
2025-08-05T23:43:54.931+01:00  INFO 13418 --- [supershopcart] [           main] o.s.o.j.p.SpringPersistenceUnitInfo      : No LoadTimeWeaver setup: ignoring JPA class transformer
2025-08-05T23:43:54.931+01:00  INFO 13418 --- [supershopcart] [           main] com.zaxxer.hikari.HikariDataSource       : HikariPool-2 - Starting...
2025-08-05T23:43:55.221+01:00  INFO 13418 --- [supershopcart] [           main] com.zaxxer.hikari.pool.HikariPool        : HikariPool-2 - Added connection conn0: url=jdbc:h2:mem:testdb user=SA
2025-08-05T23:43:55.222+01:00  INFO 13418 --- [supershopcart] [           main] com.zaxxer.hikari.HikariDataSource       : HikariPool-2 - Start completed.
2025-08-05T23:43:55.227+01:00  WARN 13418 --- [supershopcart] [           main] org.hibernate.orm.deprecation            : HHH90000025: H2Dialect does not need to be specified explicitly using 'hibernate.dialect' (remove the property setting and it will be selected by default)
2025-08-05T23:43:55.235+01:00  INFO 13418 --- [supershopcart] [           main] org.hibernate.orm.connections.pooling    : HHH10001005: Database info:
	Database JDBC URL [Connecting through datasource 'HikariDataSource (HikariPool-2)']
	Database driver: undefined/unknown
	Database version: 2.3.232
	Autocommit mode: undefined/unknown
	Isolation level: undefined/unknown
	Minimum pool size: undefined/unknown
	Maximum pool size: undefined/unknown
2025-08-05T23:43:55.264+01:00  INFO 13418 --- [supershopcart] [           main] o.h.e.t.j.p.i.JtaPlatformInitiator       : HHH000489: No JTA platform available (set 'hibernate.transaction.jta.platform' to enable JTA platform integration)
2025-08-05T23:43:55.265+01:00  INFO 13418 --- [supershopcart] [           main] j.LocalContainerEntityManagerFactoryBean : Initialized JPA EntityManagerFactory for persistence unit 'default'
2025-08-05T23:43:55.269+01:00  INFO 13418 --- [supershopcart] [           main] c.supershopcart.config.FirebaseConfig    : 🚀 Configuring Firestore for 'dev-emulator' profile using working test approach...
2025-08-05T23:43:55.269+01:00  INFO 13418 --- [supershopcart] [           main] c.supershopcart.config.FirebaseConfig    : DEBUG: Using firebase.emulator.host property: 'localhost:8081'
2025-08-05T23:43:55.269+01:00  INFO 13418 --- [supershopcart] [           main] c.supershopcart.config.FirebaseConfig    : DEBUG: Project ID for emulator: 'fir-supershopcart-test'
2025-08-05T23:43:55.269+01:00  INFO 13418 --- [supershopcart] [           main] c.supershopcart.config.FirebaseConfig    : DEBUG: Final emulator host: 'localhost:8081'
2025-08-05T23:43:55.269+01:00  INFO 13418 --- [supershopcart] [           main] c.supershopcart.config.FirebaseConfig    : Testing direct Firestore emulator connection...
2025-08-05T23:43:55.277+01:00  INFO 13418 --- [supershopcart] [           main] c.supershopcart.config.FirebaseConfig    : Direct connection test - Options created:
2025-08-05T23:43:55.277+01:00  INFO 13418 --- [supershopcart] [           main] c.supershopcart.config.FirebaseConfig    :   - Project ID: fir-supershopcart-test
2025-08-05T23:43:55.277+01:00  INFO 13418 --- [supershopcart] [           main] c.supershopcart.config.FirebaseConfig    :   - Emulator Host Setting: localhost:8081
2025-08-05T23:43:55.278+01:00  INFO 13418 --- [supershopcart] [           main] c.supershopcart.config.FirebaseConfig    : Testing write to emulator...
2025-08-05T23:43:55.656+01:00  INFO 13418 --- [supershopcart] [           main] c.supershopcart.config.FirebaseConfig    : ✅ CONFIG TEST WRITE SUCCESSFUL! Update time: 2025-08-05T22:43:55.641958000Z
2025-08-05T23:43:55.671+01:00  INFO 13418 --- [supershopcart] [           main] c.supershopcart.config.FirebaseConfig    : ✅ CONFIG TEST READ SUCCESSFUL! Data: {timestamp=1754433835278}
2025-08-05T23:43:55.672+01:00  INFO 13418 --- [supershopcart] [           main] c.supershopcart.config.FirebaseConfig    : 🎉 Direct Firestore emulator connection is working in FirebaseConfig!
2025-08-05T23:43:55.676+01:00  INFO 13418 --- [supershopcart] [           main] c.supershopcart.config.FirebaseConfig    : FirebaseApp already initialized for emulator context.
2025-08-05T23:43:55.678+01:00  INFO 13418 --- [supershopcart] [           main] c.supershopcart.config.FirebaseConfig    : ✅ Firestore client initialized for EMULATOR using working test approach:
2025-08-05T23:43:55.679+01:00  INFO 13418 --- [supershopcart] [           main] c.supershopcart.config.FirebaseConfig    :   - Project ID: fir-supershopcart-test
2025-08-05T23:43:55.679+01:00  INFO 13418 --- [supershopcart] [           main] c.supershopcart.config.FirebaseConfig    :   - Displayed Host: firestore.googleapis.com:443
2025-08-05T23:43:55.679+01:00  INFO 13418 --- [supershopcart] [           main] c.supershopcart.config.FirebaseConfig    :   - Emulator Host Setting: localhost:8081
2025-08-05T23:43:55.679+01:00  INFO 13418 --- [supershopcart] [           main] c.supershopcart.config.FirebaseConfig    :   - Actual connection will be to: localhost:8081 (insecure)
2025-08-05T23:43:55.679+01:00  INFO 13418 --- [supershopcart] [           main] c.supershopcart.config.FirebaseConfig    : Note: If 'Displayed Host' shows 'firestore.googleapis.com:443', this is normal.
2025-08-05T23:43:55.679+01:00  INFO 13418 --- [supershopcart] [           main] c.supershopcart.config.FirebaseConfig    : The actual connection is directed to the emulator at localhost:8081
2025-08-05T23:43:55.682+01:00  INFO 13418 --- [supershopcart] [           main] c.s.services.JwtTokenService             : === JWT Service Initialization Debug ===
2025-08-05T23:43:55.683+01:00  INFO 13418 --- [supershopcart] [           main] c.s.services.JwtTokenService             : Secret key string: [PRESENT]
2025-08-05T23:43:55.683+01:00  INFO 13418 --- [supershopcart] [           main] c.s.services.JwtTokenService             : Secret key length: 64
2025-08-05T23:43:55.683+01:00  INFO 13418 --- [supershopcart] [           main] c.s.services.JwtTokenService             : Access token expiration: 3600000
2025-08-05T23:43:55.683+01:00  INFO 13418 --- [supershopcart] [           main] c.s.services.JwtTokenService             : Refresh token expiration: 2592000000
2025-08-05T23:43:55.683+01:00  INFO 13418 --- [supershopcart] [           main] c.s.services.JwtTokenService             : Original key bytes length: 64
2025-08-05T23:43:55.683+01:00  INFO 13418 --- [supershopcart] [           main] c.s.services.JwtTokenService             : JWT secret key initialized successfully!
2025-08-05T23:43:55.687+01:00  INFO 13418 --- [supershopcart] [           main] c.s.security.GoogleTokenVerifier         : GoogleTokenVerifier initialized with client ID: 688070817045-gp18jj8mdl6eg4vdu08budfed5h8e97n.apps.googleusercontent.com
2025-08-05T23:43:55.714+01:00  WARN 13418 --- [supershopcart] [           main] JpaBaseConfiguration$JpaWebConfiguration : spring.jpa.open-in-view is enabled by default. Therefore, database queries may be performed during view rendering. Explicitly configure spring.jpa.open-in-view to disable this warning
2025-08-05T23:43:55.763+01:00  WARN 13418 --- [supershopcart] [           main] .s.s.UserDetailsServiceAutoConfiguration : 

Using generated security password: 79404ad8-22d1-434c-af7e-5120e10fe333

This generated password is for development use only. Your security configuration must be updated before running your application in production.

2025-08-05T23:43:55.763+01:00  INFO 13418 --- [supershopcart] [           main] r$InitializeUserDetailsManagerConfigurer : Global AuthenticationManager configured with UserDetailsService bean with name inMemoryUserDetailsManager
2025-08-05T23:43:55.818+01:00  INFO 13418 --- [supershopcart] [           main] o.s.b.a.h2.H2ConsoleAutoConfiguration    : H2 console available at '/h2-console'. Database available at 'jdbc:h2:mem:testdb'
2025-08-05T23:43:55.836+01:00  INFO 13418 --- [supershopcart] [           main] c.s.models.ShopCartFirestoreTest         : Started ShopCartFirestoreTest in 1.234 seconds (process running for 8.472)
2025-08-05T23:43:55.838+01:00  INFO 13418 --- [supershopcart] [           main] c.supershopcart.seeder.ShopCartSeeder    : 🚀 Running ShopCartSeeder for 'dev-emulator' profile...
2025-08-05T23:43:55.838+01:00  INFO 13418 --- [supershopcart] [           main] c.supershopcart.seeder.ShopCartSeeder    : Clearing existing data from Firestore emulator...
2025-08-05T23:43:55.867+01:00  INFO 13418 --- [supershopcart] [           main] c.supershopcart.seeder.ShopCartSeeder    : All ShopCart documents cleared.
2025-08-05T23:43:55.872+01:00  INFO 13418 --- [supershopcart] [           main] c.supershopcart.seeder.ShopCartSeeder    : All Shopper documents cleared.
2025-08-05T23:43:55.872+01:00  INFO 13418 --- [supershopcart] [           main] c.supershopcart.seeder.ShopCartSeeder    : Existing data cleared successfully.
2025-08-05T23:43:55.872+01:00  INFO 13418 --- [supershopcart] [           main] c.supershopcart.seeder.ShopCartSeeder    : Seeding shoppers...
2025-08-05T23:43:56.268+01:00  INFO 13418 --- [supershopcart] [           main] c.supershopcart.seeder.ShopCartSeeder    : Seeded Shoppers: seeder.alice@example.com, seeder.bob@example.com, seeder.charlie@example.com
2025-08-05T23:43:56.269+01:00  INFO 13418 --- [supershopcart] [           main] c.supershopcart.seeder.ShopCartSeeder    : Seeding shop carts...
2025-08-05T23:43:56.307+01:00  INFO 13418 --- [supershopcart] [           main] c.supershopcart.seeder.ShopCartSeeder    : Created ShopCart 83O90OBMJo8o678AXS06 for Alice.
2025-08-05T23:43:56.336+01:00  INFO 13418 --- [supershopcart] [           main] c.supershopcart.seeder.ShopCartSeeder    : Created ShopCart FhheKtlsHmuvxAxBhqdn for Bob, marked Broccoli as purchased.
2025-08-05T23:43:56.365+01:00  INFO 13418 --- [supershopcart] [           main] c.supershopcart.seeder.ShopCartSeeder    : Created shared ShopCart ReEWPV5oMabDTWqCpiR4 for Alice and Charlie.
2025-08-05T23:43:56.411+01:00  INFO 13418 --- [supershopcart] [           main] c.supershopcart.seeder.ShopCartSeeder    : Created ShopCart iPIoNdcgHpC5ZfhvO8Fd for Charlie.
2025-08-05T23:43:56.423+01:00  INFO 13418 --- [supershopcart] [           main] c.supershopcart.seeder.ShopCartSeeder    : ✅ ShopCartSeeder finished. 3 shoppers and 4 carts seeded.
]]></system-out>
  </testcase>
  <testcase name="testUpdateShopCart" classname="com.supershopcart.models.ShopCartFirestoreTest" time="0.139"/>
  <testcase name="testDeleteShopCart" classname="com.supershopcart.models.ShopCartFirestoreTest" time="0.029"/>
  <testcase name="testRetrieveMultipleShopCarts" classname="com.supershopcart.models.ShopCartFirestoreTest" time="0.026"/>
  <testcase name="testUpdateShopper" classname="com.supershopcart.models.ShopCartFirestoreTest" time="0.028"/>
  <testcase name="testDeleteShopper" classname="com.supershopcart.models.ShopCartFirestoreTest" time="0.028"/>
</testsuite>