<?xml version="1.0" encoding="UTF-8"?>
<testsuite xmlns:xsi="http://www.w3.org/2001/XMLSchema-instance" xsi:noNamespaceSchemaLocation="https://maven.apache.org/surefire/maven-surefire-plugin/xsd/surefire-test-report.xsd" version="3.0.2" name="com.supershopcart.services.JwtTokenServiceTest" time="0.728" tests="42" errors="0" skipped="0" failures="0">
  <properties>
[...]
</properties>
  <testcase name="testExtractShopperIdFromEmptyToken" classname="com.supershopcart.services.JwtTokenServiceTest" time="0.003">
    <system-out><![CDATA[2025-08-06T11:47:21.236+01:00  INFO 8242 --- [supershopcart] [           main] t.c.s.AnnotationConfigContextLoaderUtils : Could not detect default configuration classes for test class [com.supershopcart.services.JwtTokenServiceTest]: JwtTokenServiceTest does not declare any static, non-private, non-final, nested classes annotated with @Configuration.
2025-08-06T11:47:21.243+01:00  INFO 8242 --- [supershopcart] [           main] .b.t.c.SpringBootTestContextBootstrapper : Found @SpringBootConfiguration com.supershopcart.SupershopcartApplication for test class com.supershopcart.services.JwtTokenServiceTest
2025-08-06T11:47:21.245+01:00  INFO 8242 --- [supershopcart] [           main] o.s.b.d.r.RestartApplicationListener     : Restart disabled due to context in which it is running

  .   ____          _            __ _ _
 /\\ / ___'_ __ _ _(_)_ __  __ _ \ \ \ \
( ( )\___ | '_ | '_| | '_ \/ _` | \ \ \ \
 \\/  ___)| |_)| | | | | || (_| |  ) ) ) )
  '  |____| .__|_| |_|_| |_\__, | / / / /
 =========|_|==============|___/=/_/_/_/

 :: Spring Boot ::                (v3.5.3)

2025-08-06T11:47:21.257+01:00  INFO 8242 --- [supershopcart] [           main] c.s.services.JwtTokenServiceTest         : Starting JwtTokenServiceTest using Java 23.0.2 with PID 8242 (started by miguelloureiro in /Users/miguelloureiro/repos/shopmazter/backend)
2025-08-06T11:47:21.257+01:00  INFO 8242 --- [supershopcart] [           main] c.s.services.JwtTokenServiceTest         : No active profile set, falling back to 1 default profile: "default"
2025-08-06T11:47:21.417+01:00  INFO 8242 --- [supershopcart] [           main] .s.d.r.c.RepositoryConfigurationDelegate : Bootstrapping Spring Data JPA repositories in DEFAULT mode.
2025-08-06T11:47:21.422+01:00  INFO 8242 --- [supershopcart] [           main] .s.d.r.c.RepositoryConfigurationDelegate : Finished Spring Data repository scanning in 4 ms. Found 0 JPA repository interfaces.
2025-08-06T11:47:21.490+01:00  INFO 8242 --- [supershopcart] [           main] o.hibernate.jpa.internal.util.LogHelper  : HHH000204: Processing PersistenceUnitInfo [name: default]
2025-08-06T11:47:21.492+01:00  INFO 8242 --- [supershopcart] [           main] o.h.c.internal.RegionFactoryInitiator    : HHH000026: Second-level cache disabled
2025-08-06T11:47:21.497+01:00  INFO 8242 --- [supershopcart] [           main] o.s.o.j.p.SpringPersistenceUnitInfo      : No LoadTimeWeaver setup: ignoring JPA class transformer
2025-08-06T11:47:21.498+01:00  INFO 8242 --- [supershopcart] [           main] com.zaxxer.hikari.HikariDataSource       : HikariPool-3 - Starting...
2025-08-06T11:47:21.506+01:00  INFO 8242 --- [supershopcart] [           main] com.zaxxer.hikari.pool.HikariPool        : HikariPool-3 - Added connection org.postgresql.jdbc.PgConnection@70346e
2025-08-06T11:47:21.506+01:00  INFO 8242 --- [supershopcart] [           main] com.zaxxer.hikari.HikariDataSource       : HikariPool-3 - Start completed.
2025-08-06T11:47:21.508+01:00  WARN 8242 --- [supershopcart] [           main] org.hibernate.orm.deprecation            : HHH90000025: PostgreSQLDialect does not need to be specified explicitly using 'hibernate.dialect' (remove the property setting and it will be selected by default)
2025-08-06T11:47:21.509+01:00  INFO 8242 --- [supershopcart] [           main] org.hibernate.orm.connections.pooling    : HHH10001005: Database info:
	Database JDBC URL [Connecting through datasource 'HikariDataSource (HikariPool-3)']
	Database driver: undefined/unknown
	Database version: 16.8
	Autocommit mode: undefined/unknown
	Isolation level: undefined/unknown
	Minimum pool size: undefined/unknown
	Maximum pool size: undefined/unknown
2025-08-06T11:47:21.520+01:00  INFO 8242 --- [supershopcart] [           main] o.h.e.t.j.p.i.JtaPlatformInitiator       : HHH000489: No JTA platform available (set 'hibernate.transaction.jta.platform' to enable JTA platform integration)
2025-08-06T11:47:21.520+01:00  INFO 8242 --- [supershopcart] [           main] j.LocalContainerEntityManagerFactoryBean : Initialized JPA EntityManagerFactory for persistence unit 'default'
2025-08-06T11:47:21.523+01:00  INFO 8242 --- [supershopcart] [           main] c.supershopcart.config.FirebaseConfig    : 🚀 Configuring Firestore for PRODUCTION profile...
2025-08-06T11:47:21.524+01:00  INFO 8242 --- [supershopcart] [           main] c.supershopcart.config.FirebaseConfig    : DEBUG: Production Project ID from @Value: 'supershopcart-prod'
2025-08-06T11:47:21.524+01:00  INFO 8242 --- [supershopcart] [           main] c.supershopcart.config.FirebaseConfig    : DEBUG: Service Account Path from @Value: 'classpath:firebase-service-account-prod.json'
2025-08-06T11:47:21.524+01:00  INFO 8242 --- [supershopcart] [           main] c.supershopcart.config.FirebaseConfig    : FirebaseApp already initialized for production.
2025-08-06T11:47:21.526+01:00  INFO 8242 --- [supershopcart] [           main] c.supershopcart.config.FirebaseConfig    : ✅ Firestore client initialized for PRODUCTION. Host: 'firestore.googleapis.com:443', Project ID: 'supershopcart-prod'
2025-08-06T11:47:21.529+01:00  INFO 8242 --- [supershopcart] [           main] c.s.services.JwtTokenService             : === JWT Service Initialization Debug ===
2025-08-06T11:47:21.529+01:00  INFO 8242 --- [supershopcart] [           main] c.s.services.JwtTokenService             : Secret key string: [PRESENT]
2025-08-06T11:47:21.529+01:00  INFO 8242 --- [supershopcart] [           main] c.s.services.JwtTokenService             : Secret key length: 61
2025-08-06T11:47:21.529+01:00  INFO 8242 --- [supershopcart] [           main] c.s.services.JwtTokenService             : Access token expiration: 3600000
2025-08-06T11:47:21.529+01:00  INFO 8242 --- [supershopcart] [           main] c.s.services.JwtTokenService             : Refresh token expiration: 2592000000
2025-08-06T11:47:21.529+01:00  INFO 8242 --- [supershopcart] [           main] c.s.services.JwtTokenService             : Original key bytes length: 61
2025-08-06T11:47:21.529+01:00  INFO 8242 --- [supershopcart] [           main] c.s.services.JwtTokenService             : JWT secret key initialized successfully!
2025-08-06T11:47:21.532+01:00  INFO 8242 --- [supershopcart] [           main] c.s.security.GoogleTokenVerifier         : GoogleTokenVerifier initialized with client ID: 688070817045-gp18jj8mdl6eg4vdu08budfed5h8e97n.apps.googleusercontent.com
2025-08-06T11:47:21.561+01:00  WARN 8242 --- [supershopcart] [           main] JpaBaseConfiguration$JpaWebConfiguration : spring.jpa.open-in-view is enabled by default. Therefore, database queries may be performed during view rendering. Explicitly configure spring.jpa.open-in-view to disable this warning
2025-08-06T11:47:21.610+01:00  WARN 8242 --- [supershopcart] [           main] .s.s.UserDetailsServiceAutoConfiguration : 

Using generated security password: 9a4c62c8-2e2c-43f7-b363-eac75d3ed102

This generated password is for development use only. Your security configuration must be updated before running your application in production.

2025-08-06T11:47:21.610+01:00  INFO 8242 --- [supershopcart] [           main] r$InitializeUserDetailsManagerConfigurer : Global AuthenticationManager configured with UserDetailsService bean with name inMemoryUserDetailsManager
2025-08-06T11:47:21.699+01:00  INFO 8242 --- [supershopcart] [           main] c.s.services.JwtTokenServiceTest         : Started JwtTokenServiceTest in 0.454 seconds (process running for 11.279)
]]></system-out>
  </testcase>
  <testcase name="testInitializeSecretKey" classname="com.supershopcart.services.JwtTokenServiceTest" time="0.092"/>
  <testcase name="testIsTokenValidReturnsFalseForNullParameters" classname="com.supershopcart.services.JwtTokenServiceTest" time="0.003"/>
  <testcase name="testGetExpirationDateForInvalidToken" classname="com.supershopcart.services.JwtTokenServiceTest" time="0.021"/>
  <testcase name="testExtractShopperIdFromNullToken" classname="com.supershopcart.services.JwtTokenServiceTest" time="0.003"/>
  <testcase name="testExtractAllClaimsFromValidToken" classname="com.supershopcart.services.JwtTokenServiceTest" time="0.015"/>
  <testcase name="testGenerateRefreshTokenForShopper" classname="com.supershopcart.services.JwtTokenServiceTest" time="0.003"/>
  <testcase name="testGetIssuedDate" classname="com.supershopcart.services.JwtTokenServiceTest" time="0.004"/>
  <testcase name="testGetIssuedDateForNullToken" classname="com.supershopcart.services.JwtTokenServiceTest" time="0.003"/>
  <testcase name="testExtractShopperIdFromValidToken" classname="com.supershopcart.services.JwtTokenServiceTest" time="0.004"/>
  <testcase name="testGetRefreshTokenExpiration" classname="com.supershopcart.services.JwtTokenServiceTest" time="0.003"/>
  <testcase name="testIsTokenExpiredReturnsTrueForInvalidToken" classname="com.supershopcart.services.JwtTokenServiceTest" time="0.003"/>
  <testcase name="testGenerateAccessTokenWithCustomClaims" classname="com.supershopcart.services.JwtTokenServiceTest" time="0.003"/>
  <testcase name="testExtractShopperIdFromInvalidToken" classname="com.supershopcart.services.JwtTokenServiceTest" time="0.003"/>
  <testcase name="testIsTokenValidForSpecificShopper" classname="com.supershopcart.services.JwtTokenServiceTest" time="0.003"/>
  <testcase name="testGenerateAccessTokenThrowsExceptionForNullShopperId" classname="com.supershopcart.services.JwtTokenServiceTest" time="0.003"/>
  <testcase name="testIsTokenExpiredReturnsTrueForNullToken" classname="com.supershopcart.services.JwtTokenServiceTest" time="0.003"/>
  <testcase name="testGetIssuedDateForInvalidToken" classname="com.supershopcart.services.JwtTokenServiceTest" time="0.002"/>
  <testcase name="testGenerateRefreshTokenForShopperId" classname="com.supershopcart.services.JwtTokenServiceTest" time="0.003"/>
  <testcase name="testIsTokenExpiredReturnsTrueForExpiredToken" classname="com.supershopcart.services.JwtTokenServiceTest" time="0.018">
    <system-out><![CDATA[2025-08-06T11:47:21.883+01:00  INFO 8242 --- [supershopcart] [           main] c.s.services.JwtTokenService             : === JWT Service Initialization Debug ===
2025-08-06T11:47:21.883+01:00  INFO 8242 --- [supershopcart] [           main] c.s.services.JwtTokenService             : Secret key string: [PRESENT]
2025-08-06T11:47:21.883+01:00  INFO 8242 --- [supershopcart] [           main] c.s.services.JwtTokenService             : Secret key length: 61
2025-08-06T11:47:21.883+01:00  INFO 8242 --- [supershopcart] [           main] c.s.services.JwtTokenService             : Access token expiration: 1
2025-08-06T11:47:21.883+01:00  INFO 8242 --- [supershopcart] [           main] c.s.services.JwtTokenService             : Refresh token expiration: 2592000000
2025-08-06T11:47:21.883+01:00  INFO 8242 --- [supershopcart] [           main] c.s.services.JwtTokenService             : Original key bytes length: 61
2025-08-06T11:47:21.883+01:00  INFO 8242 --- [supershopcart] [           main] c.s.services.JwtTokenService             : JWT secret key initialized successfully!
]]></system-out>
  </testcase>
  <testcase name="testGenerateRefreshTokenThrowsExceptionForNullShopperId" classname="com.supershopcart.services.JwtTokenServiceTest" time="0.003"/>
  <testcase name="testShortSecretKeyPadding" classname="com.supershopcart.services.JwtTokenServiceTest" time="0.004">
    <system-out><![CDATA[2025-08-06T11:47:21.903+01:00  INFO 8242 --- [supershopcart] [           main] c.s.services.JwtTokenService             : === JWT Service Initialization Debug ===
2025-08-06T11:47:21.904+01:00  INFO 8242 --- [supershopcart] [           main] c.s.services.JwtTokenService             : Secret key string: [PRESENT]
2025-08-06T11:47:21.904+01:00  INFO 8242 --- [supershopcart] [           main] c.s.services.JwtTokenService             : Secret key length: 5
2025-08-06T11:47:21.904+01:00  INFO 8242 --- [supershopcart] [           main] c.s.services.JwtTokenService             : Access token expiration: 3600000
2025-08-06T11:47:21.904+01:00  INFO 8242 --- [supershopcart] [           main] c.s.services.JwtTokenService             : Refresh token expiration: 2592000000
2025-08-06T11:47:21.904+01:00  INFO 8242 --- [supershopcart] [           main] c.s.services.JwtTokenService             : Original key bytes length: 5
2025-08-06T11:47:21.904+01:00  WARN 8242 --- [supershopcart] [           main] c.s.services.JwtTokenService             : JWT secret key is shorter than 32 bytes (256 bits). Padding it to meet HS256 requirements.
2025-08-06T11:47:21.904+01:00  INFO 8242 --- [supershopcart] [           main] c.s.services.JwtTokenService             : Padded key bytes length: 32
2025-08-06T11:47:21.904+01:00  INFO 8242 --- [supershopcart] [           main] c.s.services.JwtTokenService             : JWT secret key initialized successfully!
]]></system-out>
  </testcase>
  <testcase name="testGenerateAccessTokenForShopper" classname="com.supershopcart.services.JwtTokenServiceTest" time="0.003"/>
  <testcase name="testInitializeSecretKeyThrowsExceptionForNullSecret" classname="com.supershopcart.services.JwtTokenServiceTest" time="0.003">
    <system-out><![CDATA[2025-08-06T11:47:21.911+01:00  INFO 8242 --- [supershopcart] [           main] c.s.services.JwtTokenService             : === JWT Service Initialization Debug ===
2025-08-06T11:47:21.911+01:00  INFO 8242 --- [supershopcart] [           main] c.s.services.JwtTokenService             : Secret key string: [NULL]
2025-08-06T11:47:21.911+01:00  INFO 8242 --- [supershopcart] [           main] c.s.services.JwtTokenService             : Secret key length: 0
2025-08-06T11:47:21.911+01:00  INFO 8242 --- [supershopcart] [           main] c.s.services.JwtTokenService             : Access token expiration: 3600000
2025-08-06T11:47:21.911+01:00  INFO 8242 --- [supershopcart] [           main] c.s.services.JwtTokenService             : Refresh token expiration: 2592000000
2025-08-06T11:47:21.911+01:00 ERROR 8242 --- [supershopcart] [           main] c.s.services.JwtTokenService             : FAILED to initialize JWT secret key

java.lang.IllegalStateException: JWT secret is null - check your application.properties
	at com.supershopcart.services.JwtTokenService.initializeSecretKey(JwtTokenService.java:46) ~[classes/:na]
	at java.base/jdk.internal.reflect.DirectMethodHandleAccessor.invoke(DirectMethodHandleAccessor.java:103) ~[na:na]
	at java.base/java.lang.reflect.Method.invoke(Method.java:580) ~[na:na]
	at org.springframework.util.MethodInvoker.invoke(MethodInvoker.java:283) ~[spring-core-6.2.8.jar:6.2.8]
	at org.springframework.test.util.ReflectionTestUtils.invokeMethod(ReflectionTestUtils.java:524) ~[spring-test-6.2.8.jar:6.2.8]
	at org.springframework.test.util.ReflectionTestUtils.invokeMethod(ReflectionTestUtils.java:443) ~[spring-test-6.2.8.jar:6.2.8]
	at com.supershopcart.services.JwtTokenServiceTest.lambda$testInitializeSecretKeyThrowsExceptionForNullSecret$1(JwtTokenServiceTest.java:58) ~[test-classes/:na]
	at org.junit.jupiter.api.AssertThrows.assertThrows(AssertThrows.java:53) ~[junit-jupiter-api-5.12.2.jar:5.12.2]
	at org.junit.jupiter.api.AssertThrows.assertThrows(AssertThrows.java:35) ~[junit-jupiter-api-5.12.2.jar:5.12.2]
	at org.junit.jupiter.api.Assertions.assertThrows(Assertions.java:3128) ~[junit-jupiter-api-5.12.2.jar:5.12.2]
	at com.supershopcart.services.JwtTokenServiceTest.testInitializeSecretKeyThrowsExceptionForNullSecret(JwtTokenServiceTest.java:57) ~[test-classes/:na]
	at java.base/jdk.internal.reflect.DirectMethodHandleAccessor.invoke(DirectMethodHandleAccessor.java:103) ~[na:na]
	at java.base/java.lang.reflect.Method.invoke(Method.java:580) ~[na:na]
	at org.junit.platform.commons.util.ReflectionUtils.invokeMethod(ReflectionUtils.java:775) ~[junit-platform-commons-1.12.2.jar:1.12.2]
	at org.junit.platform.commons.support.ReflectionSupport.invokeMethod(ReflectionSupport.java:479) ~[junit-platform-commons-1.12.2.jar:1.12.2]
	at org.junit.jupiter.engine.execution.MethodInvocation.proceed(MethodInvocation.java:60) ~[junit-jupiter-engine-5.12.2.jar:5.12.2]
	at org.junit.jupiter.engine.execution.InvocationInterceptorChain$ValidatingInvocation.proceed(InvocationInterceptorChain.java:131) ~[junit-jupiter-engine-5.12.2.jar:5.12.2]
	at org.junit.jupiter.engine.extension.TimeoutExtension.intercept(TimeoutExtension.java:161) ~[junit-jupiter-engine-5.12.2.jar:5.12.2]
	at org.junit.jupiter.engine.extension.TimeoutExtension.interceptTestableMethod(TimeoutExtension.java:152) ~[junit-jupiter-engine-5.12.2.jar:5.12.2]
	at org.junit.jupiter.engine.extension.TimeoutExtension.interceptTestMethod(TimeoutExtension.java:91) ~[junit-jupiter-engine-5.12.2.jar:5.12.2]
	at org.junit.jupiter.engine.execution.InterceptingExecutableInvoker$ReflectiveInterceptorCall.lambda$ofVoidMethod$0(InterceptingExecutableInvoker.java:112) ~[junit-jupiter-engine-5.12.2.jar:5.12.2]
	at org.junit.jupiter.engine.execution.InterceptingExecutableInvoker.lambda$invoke$0(InterceptingExecutableInvoker.java:94) ~[junit-jupiter-engine-5.12.2.jar:5.12.2]
	at org.junit.jupiter.engine.execution.InvocationInterceptorChain$InterceptedInvocation.proceed(InvocationInterceptorChain.java:106) ~[junit-jupiter-engine-5.12.2.jar:5.12.2]
	at org.junit.jupiter.engine.execution.InvocationInterceptorChain.proceed(InvocationInterceptorChain.java:64) ~[junit-jupiter-engine-5.12.2.jar:5.12.2]
	at org.junit.jupiter.engine.execution.InvocationInterceptorChain.chainAndInvoke(InvocationInterceptorChain.java:45) ~[junit-jupiter-engine-5.12.2.jar:5.12.2]
	at org.junit.jupiter.engine.execution.InvocationInterceptorChain.invoke(InvocationInterceptorChain.java:37) ~[junit-jupiter-engine-5.12.2.jar:5.12.2]
	at org.junit.jupiter.engine.execution.InterceptingExecutableInvoker.invoke(InterceptingExecutableInvoker.java:93) ~[junit-jupiter-engine-5.12.2.jar:5.12.2]
	at org.junit.jupiter.engine.execution.InterceptingExecutableInvoker.invoke(InterceptingExecutableInvoker.java:87) ~[junit-jupiter-engine-5.12.2.jar:5.12.2]
	at org.junit.jupiter.engine.descriptor.TestMethodTestDescriptor.lambda$invokeTestMethod$7(TestMethodTestDescriptor.java:216) ~[junit-jupiter-engine-5.12.2.jar:5.12.2]
	at org.junit.platform.engine.support.hierarchical.ThrowableCollector.execute(ThrowableCollector.java:73) ~[junit-platform-engine-1.12.2.jar:1.12.2]
	at org.junit.jupiter.engine.descriptor.TestMethodTestDescriptor.invokeTestMethod(TestMethodTestDescriptor.java:212) ~[junit-jupiter-engine-5.12.2.jar:5.12.2]
	at org.junit.jupiter.engine.descriptor.TestMethodTestDescriptor.execute(TestMethodTestDescriptor.java:137) ~[junit-jupiter-engine-5.12.2.jar:5.12.2]
	at org.junit.jupiter.engine.descriptor.TestMethodTestDescriptor.execute(TestMethodTestDescriptor.java:69) ~[junit-jupiter-engine-5.12.2.jar:5.12.2]
	at org.junit.platform.engine.support.hierarchical.NodeTestTask.lambda$executeRecursively$6(NodeTestTask.java:156) ~[junit-platform-engine-1.12.2.jar:1.12.2]
	at org.junit.platform.engine.support.hierarchical.ThrowableCollector.execute(ThrowableCollector.java:73) ~[junit-platform-engine-1.12.2.jar:1.12.2]
	at org.junit.platform.engine.support.hierarchical.NodeTestTask.lambda$executeRecursively$8(NodeTestTask.java:146) ~[junit-platform-engine-1.12.2.jar:1.12.2]
	at org.junit.platform.engine.support.hierarchical.Node.around(Node.java:137) ~[junit-platform-engine-1.12.2.jar:1.12.2]
	at org.junit.platform.engine.support.hierarchical.NodeTestTask.lambda$executeRecursively$9(NodeTestTask.java:144) ~[junit-platform-engine-1.12.2.jar:1.12.2]
	at org.junit.platform.engine.support.hierarchical.ThrowableCollector.execute(ThrowableCollector.java:73) ~[junit-platform-engine-1.12.2.jar:1.12.2]
	at org.junit.platform.engine.support.hierarchical.NodeTestTask.executeRecursively(NodeTestTask.java:143) ~[junit-platform-engine-1.12.2.jar:1.12.2]
	at org.junit.platform.engine.support.hierarchical.NodeTestTask.execute(NodeTestTask.java:100) ~[junit-platform-engine-1.12.2.jar:1.12.2]
	at java.base/java.util.ArrayList.forEach(ArrayList.java:1597) ~[na:na]
	at org.junit.platform.engine.support.hierarchical.SameThreadHierarchicalTestExecutorService.invokeAll(SameThreadHierarchicalTestExecutorService.java:41) ~[junit-platform-engine-1.12.2.jar:1.12.2]
	at org.junit.platform.engine.support.hierarchical.NodeTestTask.lambda$executeRecursively$6(NodeTestTask.java:160) ~[junit-platform-engine-1.12.2.jar:1.12.2]
	at org.junit.platform.engine.support.hierarchical.ThrowableCollector.execute(ThrowableCollector.java:73) ~[junit-platform-engine-1.12.2.jar:1.12.2]
	at org.junit.platform.engine.support.hierarchical.NodeTestTask.lambda$executeRecursively$8(NodeTestTask.java:146) ~[junit-platform-engine-1.12.2.jar:1.12.2]
	at org.junit.platform.engine.support.hierarchical.Node.around(Node.java:137) ~[junit-platform-engine-1.12.2.jar:1.12.2]
	at org.junit.platform.engine.support.hierarchical.NodeTestTask.lambda$executeRecursively$9(NodeTestTask.java:144) ~[junit-platform-engine-1.12.2.jar:1.12.2]
	at org.junit.platform.engine.support.hierarchical.ThrowableCollector.execute(ThrowableCollector.java:73) ~[junit-platform-engine-1.12.2.jar:1.12.2]
	at org.junit.platform.engine.support.hierarchical.NodeTestTask.executeRecursively(NodeTestTask.java:143) ~[junit-platform-engine-1.12.2.jar:1.12.2]
	at org.junit.platform.engine.support.hierarchical.NodeTestTask.execute(NodeTestTask.java:100) ~[junit-platform-engine-1.12.2.jar:1.12.2]
	at java.base/java.util.ArrayList.forEach(ArrayList.java:1597) ~[na:na]
	at org.junit.platform.engine.support.hierarchical.SameThreadHierarchicalTestExecutorService.invokeAll(SameThreadHierarchicalTestExecutorService.java:41) ~[junit-platform-engine-1.12.2.jar:1.12.2]
	at org.junit.platform.engine.support.hierarchical.NodeTestTask.lambda$executeRecursively$6(NodeTestTask.java:160) ~[junit-platform-engine-1.12.2.jar:1.12.2]
	at org.junit.platform.engine.support.hierarchical.ThrowableCollector.execute(ThrowableCollector.java:73) ~[junit-platform-engine-1.12.2.jar:1.12.2]
	at org.junit.platform.engine.support.hierarchical.NodeTestTask.lambda$executeRecursively$8(NodeTestTask.java:146) ~[junit-platform-engine-1.12.2.jar:1.12.2]
	at org.junit.platform.engine.support.hierarchical.Node.around(Node.java:137) ~[junit-platform-engine-1.12.2.jar:1.12.2]
	at org.junit.platform.engine.support.hierarchical.NodeTestTask.lambda$executeRecursively$9(NodeTestTask.java:144) ~[junit-platform-engine-1.12.2.jar:1.12.2]
	at org.junit.platform.engine.support.hierarchical.ThrowableCollector.execute(ThrowableCollector.java:73) ~[junit-platform-engine-1.12.2.jar:1.12.2]
	at org.junit.platform.engine.support.hierarchical.NodeTestTask.executeRecursively(NodeTestTask.java:143) ~[junit-platform-engine-1.12.2.jar:1.12.2]
	at org.junit.platform.engine.support.hierarchical.NodeTestTask.execute(NodeTestTask.java:100) ~[junit-platform-engine-1.12.2.jar:1.12.2]
	at org.junit.platform.engine.support.hierarchical.SameThreadHierarchicalTestExecutorService.submit(SameThreadHierarchicalTestExecutorService.java:35) ~[junit-platform-engine-1.12.2.jar:1.12.2]
	at org.junit.platform.engine.support.hierarchical.HierarchicalTestExecutor.execute(HierarchicalTestExecutor.java:57) ~[junit-platform-engine-1.12.2.jar:1.12.2]
	at org.junit.platform.engine.support.hierarchical.HierarchicalTestEngine.execute(HierarchicalTestEngine.java:54) ~[junit-platform-engine-1.12.2.jar:1.12.2]
	at org.junit.platform.launcher.core.EngineExecutionOrchestrator.execute(EngineExecutionOrchestrator.java:201) ~[junit-platform-launcher-1.12.2.jar:1.12.2]
	at org.junit.platform.launcher.core.EngineExecutionOrchestrator.execute(EngineExecutionOrchestrator.java:170) ~[junit-platform-launcher-1.12.2.jar:1.12.2]
	at org.junit.platform.launcher.core.EngineExecutionOrchestrator.execute(EngineExecutionOrchestrator.java:94) ~[junit-platform-launcher-1.12.2.jar:1.12.2]
	at org.junit.platform.launcher.core.EngineExecutionOrchestrator.lambda$execute$0(EngineExecutionOrchestrator.java:59) ~[junit-platform-launcher-1.12.2.jar:1.12.2]
	at org.junit.platform.launcher.core.EngineExecutionOrchestrator.withInterceptedStreams(EngineExecutionOrchestrator.java:142) ~[junit-platform-launcher-1.12.2.jar:1.12.2]
	at org.junit.platform.launcher.core.EngineExecutionOrchestrator.execute(EngineExecutionOrchestrator.java:58) ~[junit-platform-launcher-1.12.2.jar:1.12.2]
	at org.junit.platform.launcher.core.DefaultLauncher.execute(DefaultLauncher.java:103) ~[junit-platform-launcher-1.12.2.jar:1.12.2]
	at org.junit.platform.launcher.core.DefaultLauncher.execute(DefaultLauncher.java:85) ~[junit-platform-launcher-1.12.2.jar:1.12.2]
	at org.junit.platform.launcher.core.DelegatingLauncher.execute(DelegatingLauncher.java:47) ~[junit-platform-launcher-1.12.2.jar:1.12.2]
	at org.junit.platform.launcher.core.InterceptingLauncher.lambda$execute$1(InterceptingLauncher.java:39) ~[junit-platform-launcher-1.12.2.jar:1.12.2]
	at org.junit.platform.launcher.core.ClasspathAlignmentCheckingLauncherInterceptor.intercept(ClasspathAlignmentCheckingLauncherInterceptor.java:25) ~[junit-platform-launcher-1.12.2.jar:1.12.2]
	at org.junit.platform.launcher.core.InterceptingLauncher.execute(InterceptingLauncher.java:38) ~[junit-platform-launcher-1.12.2.jar:1.12.2]
	at org.junit.platform.launcher.core.DelegatingLauncher.execute(DelegatingLauncher.java:47) ~[junit-platform-launcher-1.12.2.jar:1.12.2]
	at org.apache.maven.surefire.junitplatform.LazyLauncher.execute(LazyLauncher.java:56) ~[surefire-junit-platform-3.5.3.jar:3.5.3]
	at org.apache.maven.surefire.junitplatform.JUnitPlatformProvider.execute(JUnitPlatformProvider.java:194) ~[surefire-junit-platform-3.5.3.jar:3.5.3]
	at org.apache.maven.surefire.junitplatform.JUnitPlatformProvider.invokeAllTests(JUnitPlatformProvider.java:150) ~[surefire-junit-platform-3.5.3.jar:3.5.3]
	at org.apache.maven.surefire.junitplatform.JUnitPlatformProvider.invoke(JUnitPlatformProvider.java:124) ~[surefire-junit-platform-3.5.3.jar:3.5.3]
	at org.apache.maven.surefire.booter.ForkedBooter.runSuitesInProcess(ForkedBooter.java:385) ~[surefire-booter-3.5.3.jar:3.5.3]
	at org.apache.maven.surefire.booter.ForkedBooter.execute(ForkedBooter.java:162) ~[surefire-booter-3.5.3.jar:3.5.3]
	at org.apache.maven.surefire.booter.ForkedBooter.run(ForkedBooter.java:507) ~[surefire-booter-3.5.3.jar:3.5.3]
	at org.apache.maven.surefire.booter.ForkedBooter.main(ForkedBooter.java:495) ~[surefire-booter-3.5.3.jar:3.5.3]

2025-08-06T11:47:21.912+01:00 ERROR 8242 --- [supershopcart] [           main] c.s.services.JwtTokenService             : Exception type: IllegalStateException
2025-08-06T11:47:21.912+01:00 ERROR 8242 --- [supershopcart] [           main] c.s.services.JwtTokenService             : Exception message: JWT secret is null - check your application.properties
]]></system-out>
  </testcase>
  <testcase name="testExtractAllClaimsFromNullToken" classname="com.supershopcart.services.JwtTokenServiceTest" time="0.002"/>
  <testcase name="testGenerateTokenPair" classname="com.supershopcart.services.JwtTokenServiceTest" time="0.005"/>
  <testcase name="testGetExpirationDate" classname="com.supershopcart.services.JwtTokenServiceTest" time="0.003"/>
  <testcase name="testIsTokenValidReturnsFalseForEmptyTokenWithoutShopperId" classname="com.supershopcart.services.JwtTokenServiceTest" time="0.002"/>
  <testcase name="testGetExpirationDateForEmptyToken" classname="com.supershopcart.services.JwtTokenServiceTest" time="0.002"/>
  <testcase name="testExtractAllClaimsFromInvalidToken" classname="com.supershopcart.services.JwtTokenServiceTest" time="0.001"/>
  <testcase name="testTokenGenerationRuntimeException" classname="com.supershopcart.services.JwtTokenServiceTest" time="0.003">
    <system-out><![CDATA[2025-08-06T11:47:21.933+01:00  INFO 8242 --- [supershopcart] [           main] c.s.services.JwtTokenService             : === JWT Service Initialization Debug ===
2025-08-06T11:47:21.933+01:00  INFO 8242 --- [supershopcart] [           main] c.s.services.JwtTokenService             : Secret key string: [PRESENT]
2025-08-06T11:47:21.933+01:00  INFO 8242 --- [supershopcart] [           main] c.s.services.JwtTokenService             : Secret key length: 62
2025-08-06T11:47:21.933+01:00  INFO 8242 --- [supershopcart] [           main] c.s.services.JwtTokenService             : Access token expiration: 3600000
2025-08-06T11:47:21.933+01:00  INFO 8242 --- [supershopcart] [           main] c.s.services.JwtTokenService             : Refresh token expiration: 2592000000
2025-08-06T11:47:21.933+01:00  INFO 8242 --- [supershopcart] [           main] c.s.services.JwtTokenService             : Original key bytes length: 62
2025-08-06T11:47:21.933+01:00  INFO 8242 --- [supershopcart] [           main] c.s.services.JwtTokenService             : JWT secret key initialized successfully!
2025-08-06T11:47:21.933+01:00 ERROR 8242 --- [supershopcart] [           main] c.s.services.JwtTokenService             : Failed to generate access token for shopper: test-shopper-123

java.lang.IllegalArgumentException: Key argument cannot be null.
	at io.jsonwebtoken.lang.Assert.notNull(Assert.java:94) ~[jjwt-api-0.12.6.jar:0.12.6]
	at io.jsonwebtoken.impl.DefaultJwtBuilder.signWith(DefaultJwtBuilder.java:215) ~[jjwt-impl-0.12.6.jar:0.12.6]
	at com.supershopcart.services.JwtTokenService.generateAccessToken(JwtTokenService.java:115) ~[classes/:na]
	at com.supershopcart.services.JwtTokenService.generateAccessToken(JwtTokenService.java:92) ~[classes/:na]
	at com.supershopcart.services.JwtTokenServiceTest.lambda$testTokenGenerationRuntimeException$7(JwtTokenServiceTest.java:551) ~[test-classes/:na]
	at org.junit.jupiter.api.AssertThrows.assertThrows(AssertThrows.java:53) ~[junit-jupiter-api-5.12.2.jar:5.12.2]
	at org.junit.jupiter.api.AssertThrows.assertThrows(AssertThrows.java:35) ~[junit-jupiter-api-5.12.2.jar:5.12.2]
	at org.junit.jupiter.api.Assertions.assertThrows(Assertions.java:3128) ~[junit-jupiter-api-5.12.2.jar:5.12.2]
	at com.supershopcart.services.JwtTokenServiceTest.testTokenGenerationRuntimeException(JwtTokenServiceTest.java:550) ~[test-classes/:na]
	at java.base/jdk.internal.reflect.DirectMethodHandleAccessor.invoke(DirectMethodHandleAccessor.java:103) ~[na:na]
	at java.base/java.lang.reflect.Method.invoke(Method.java:580) ~[na:na]
	at org.junit.platform.commons.util.ReflectionUtils.invokeMethod(ReflectionUtils.java:775) ~[junit-platform-commons-1.12.2.jar:1.12.2]
	at org.junit.platform.commons.support.ReflectionSupport.invokeMethod(ReflectionSupport.java:479) ~[junit-platform-commons-1.12.2.jar:1.12.2]
	at org.junit.jupiter.engine.execution.MethodInvocation.proceed(MethodInvocation.java:60) ~[junit-jupiter-engine-5.12.2.jar:5.12.2]
	at org.junit.jupiter.engine.execution.InvocationInterceptorChain$ValidatingInvocation.proceed(InvocationInterceptorChain.java:131) ~[junit-jupiter-engine-5.12.2.jar:5.12.2]
	at org.junit.jupiter.engine.extension.TimeoutExtension.intercept(TimeoutExtension.java:161) ~[junit-jupiter-engine-5.12.2.jar:5.12.2]
	at org.junit.jupiter.engine.extension.TimeoutExtension.interceptTestableMethod(TimeoutExtension.java:152) ~[junit-jupiter-engine-5.12.2.jar:5.12.2]
	at org.junit.jupiter.engine.extension.TimeoutExtension.interceptTestMethod(TimeoutExtension.java:91) ~[junit-jupiter-engine-5.12.2.jar:5.12.2]
	at org.junit.jupiter.engine.execution.InterceptingExecutableInvoker$ReflectiveInterceptorCall.lambda$ofVoidMethod$0(InterceptingExecutableInvoker.java:112) ~[junit-jupiter-engine-5.12.2.jar:5.12.2]
	at org.junit.jupiter.engine.execution.InterceptingExecutableInvoker.lambda$invoke$0(InterceptingExecutableInvoker.java:94) ~[junit-jupiter-engine-5.12.2.jar:5.12.2]
	at org.junit.jupiter.engine.execution.InvocationInterceptorChain$InterceptedInvocation.proceed(InvocationInterceptorChain.java:106) ~[junit-jupiter-engine-5.12.2.jar:5.12.2]
	at org.junit.jupiter.engine.execution.InvocationInterceptorChain.proceed(InvocationInterceptorChain.java:64) ~[junit-jupiter-engine-5.12.2.jar:5.12.2]
	at org.junit.jupiter.engine.execution.InvocationInterceptorChain.chainAndInvoke(InvocationInterceptorChain.java:45) ~[junit-jupiter-engine-5.12.2.jar:5.12.2]
	at org.junit.jupiter.engine.execution.InvocationInterceptorChain.invoke(InvocationInterceptorChain.java:37) ~[junit-jupiter-engine-5.12.2.jar:5.12.2]
	at org.junit.jupiter.engine.execution.InterceptingExecutableInvoker.invoke(InterceptingExecutableInvoker.java:93) ~[junit-jupiter-engine-5.12.2.jar:5.12.2]
	at org.junit.jupiter.engine.execution.InterceptingExecutableInvoker.invoke(InterceptingExecutableInvoker.java:87) ~[junit-jupiter-engine-5.12.2.jar:5.12.2]
	at org.junit.jupiter.engine.descriptor.TestMethodTestDescriptor.lambda$invokeTestMethod$7(TestMethodTestDescriptor.java:216) ~[junit-jupiter-engine-5.12.2.jar:5.12.2]
	at org.junit.platform.engine.support.hierarchical.ThrowableCollector.execute(ThrowableCollector.java:73) ~[junit-platform-engine-1.12.2.jar:1.12.2]
	at org.junit.jupiter.engine.descriptor.TestMethodTestDescriptor.invokeTestMethod(TestMethodTestDescriptor.java:212) ~[junit-jupiter-engine-5.12.2.jar:5.12.2]
	at org.junit.jupiter.engine.descriptor.TestMethodTestDescriptor.execute(TestMethodTestDescriptor.java:137) ~[junit-jupiter-engine-5.12.2.jar:5.12.2]
	at org.junit.jupiter.engine.descriptor.TestMethodTestDescriptor.execute(TestMethodTestDescriptor.java:69) ~[junit-jupiter-engine-5.12.2.jar:5.12.2]
	at org.junit.platform.engine.support.hierarchical.NodeTestTask.lambda$executeRecursively$6(NodeTestTask.java:156) ~[junit-platform-engine-1.12.2.jar:1.12.2]
	at org.junit.platform.engine.support.hierarchical.ThrowableCollector.execute(ThrowableCollector.java:73) ~[junit-platform-engine-1.12.2.jar:1.12.2]
	at org.junit.platform.engine.support.hierarchical.NodeTestTask.lambda$executeRecursively$8(NodeTestTask.java:146) ~[junit-platform-engine-1.12.2.jar:1.12.2]
	at org.junit.platform.engine.support.hierarchical.Node.around(Node.java:137) ~[junit-platform-engine-1.12.2.jar:1.12.2]
	at org.junit.platform.engine.support.hierarchical.NodeTestTask.lambda$executeRecursively$9(NodeTestTask.java:144) ~[junit-platform-engine-1.12.2.jar:1.12.2]
	at org.junit.platform.engine.support.hierarchical.ThrowableCollector.execute(ThrowableCollector.java:73) ~[junit-platform-engine-1.12.2.jar:1.12.2]
	at org.junit.platform.engine.support.hierarchical.NodeTestTask.executeRecursively(NodeTestTask.java:143) ~[junit-platform-engine-1.12.2.jar:1.12.2]
	at org.junit.platform.engine.support.hierarchical.NodeTestTask.execute(NodeTestTask.java:100) ~[junit-platform-engine-1.12.2.jar:1.12.2]
	at java.base/java.util.ArrayList.forEach(ArrayList.java:1597) ~[na:na]
	at org.junit.platform.engine.support.hierarchical.SameThreadHierarchicalTestExecutorService.invokeAll(SameThreadHierarchicalTestExecutorService.java:41) ~[junit-platform-engine-1.12.2.jar:1.12.2]
	at org.junit.platform.engine.support.hierarchical.NodeTestTask.lambda$executeRecursively$6(NodeTestTask.java:160) ~[junit-platform-engine-1.12.2.jar:1.12.2]
	at org.junit.platform.engine.support.hierarchical.ThrowableCollector.execute(ThrowableCollector.java:73) ~[junit-platform-engine-1.12.2.jar:1.12.2]
	at org.junit.platform.engine.support.hierarchical.NodeTestTask.lambda$executeRecursively$8(NodeTestTask.java:146) ~[junit-platform-engine-1.12.2.jar:1.12.2]
	at org.junit.platform.engine.support.hierarchical.Node.around(Node.java:137) ~[junit-platform-engine-1.12.2.jar:1.12.2]
	at org.junit.platform.engine.support.hierarchical.NodeTestTask.lambda$executeRecursively$9(NodeTestTask.java:144) ~[junit-platform-engine-1.12.2.jar:1.12.2]
	at org.junit.platform.engine.support.hierarchical.ThrowableCollector.execute(ThrowableCollector.java:73) ~[junit-platform-engine-1.12.2.jar:1.12.2]
	at org.junit.platform.engine.support.hierarchical.NodeTestTask.executeRecursively(NodeTestTask.java:143) ~[junit-platform-engine-1.12.2.jar:1.12.2]
	at org.junit.platform.engine.support.hierarchical.NodeTestTask.execute(NodeTestTask.java:100) ~[junit-platform-engine-1.12.2.jar:1.12.2]
	at java.base/java.util.ArrayList.forEach(ArrayList.java:1597) ~[na:na]
	at org.junit.platform.engine.support.hierarchical.SameThreadHierarchicalTestExecutorService.invokeAll(SameThreadHierarchicalTestExecutorService.java:41) ~[junit-platform-engine-1.12.2.jar:1.12.2]
	at org.junit.platform.engine.support.hierarchical.NodeTestTask.lambda$executeRecursively$6(NodeTestTask.java:160) ~[junit-platform-engine-1.12.2.jar:1.12.2]
	at org.junit.platform.engine.support.hierarchical.ThrowableCollector.execute(ThrowableCollector.java:73) ~[junit-platform-engine-1.12.2.jar:1.12.2]
	at org.junit.platform.engine.support.hierarchical.NodeTestTask.lambda$executeRecursively$8(NodeTestTask.java:146) ~[junit-platform-engine-1.12.2.jar:1.12.2]
	at org.junit.platform.engine.support.hierarchical.Node.around(Node.java:137) ~[junit-platform-engine-1.12.2.jar:1.12.2]
	at org.junit.platform.engine.support.hierarchical.NodeTestTask.lambda$executeRecursively$9(NodeTestTask.java:144) ~[junit-platform-engine-1.12.2.jar:1.12.2]
	at org.junit.platform.engine.support.hierarchical.ThrowableCollector.execute(ThrowableCollector.java:73) ~[junit-platform-engine-1.12.2.jar:1.12.2]
	at org.junit.platform.engine.support.hierarchical.NodeTestTask.executeRecursively(NodeTestTask.java:143) ~[junit-platform-engine-1.12.2.jar:1.12.2]
	at org.junit.platform.engine.support.hierarchical.NodeTestTask.execute(NodeTestTask.java:100) ~[junit-platform-engine-1.12.2.jar:1.12.2]
	at org.junit.platform.engine.support.hierarchical.SameThreadHierarchicalTestExecutorService.submit(SameThreadHierarchicalTestExecutorService.java:35) ~[junit-platform-engine-1.12.2.jar:1.12.2]
	at org.junit.platform.engine.support.hierarchical.HierarchicalTestExecutor.execute(HierarchicalTestExecutor.java:57) ~[junit-platform-engine-1.12.2.jar:1.12.2]
	at org.junit.platform.engine.support.hierarchical.HierarchicalTestEngine.execute(HierarchicalTestEngine.java:54) ~[junit-platform-engine-1.12.2.jar:1.12.2]
	at org.junit.platform.launcher.core.EngineExecutionOrchestrator.execute(EngineExecutionOrchestrator.java:201) ~[junit-platform-launcher-1.12.2.jar:1.12.2]
	at org.junit.platform.launcher.core.EngineExecutionOrchestrator.execute(EngineExecutionOrchestrator.java:170) ~[junit-platform-launcher-1.12.2.jar:1.12.2]
	at org.junit.platform.launcher.core.EngineExecutionOrchestrator.execute(EngineExecutionOrchestrator.java:94) ~[junit-platform-launcher-1.12.2.jar:1.12.2]
	at org.junit.platform.launcher.core.EngineExecutionOrchestrator.lambda$execute$0(EngineExecutionOrchestrator.java:59) ~[junit-platform-launcher-1.12.2.jar:1.12.2]
	at org.junit.platform.launcher.core.EngineExecutionOrchestrator.withInterceptedStreams(EngineExecutionOrchestrator.java:142) ~[junit-platform-launcher-1.12.2.jar:1.12.2]
	at org.junit.platform.launcher.core.EngineExecutionOrchestrator.execute(EngineExecutionOrchestrator.java:58) ~[junit-platform-launcher-1.12.2.jar:1.12.2]
	at org.junit.platform.launcher.core.DefaultLauncher.execute(DefaultLauncher.java:103) ~[junit-platform-launcher-1.12.2.jar:1.12.2]
	at org.junit.platform.launcher.core.DefaultLauncher.execute(DefaultLauncher.java:85) ~[junit-platform-launcher-1.12.2.jar:1.12.2]
	at org.junit.platform.launcher.core.DelegatingLauncher.execute(DelegatingLauncher.java:47) ~[junit-platform-launcher-1.12.2.jar:1.12.2]
	at org.junit.platform.launcher.core.InterceptingLauncher.lambda$execute$1(InterceptingLauncher.java:39) ~[junit-platform-launcher-1.12.2.jar:1.12.2]
	at org.junit.platform.launcher.core.ClasspathAlignmentCheckingLauncherInterceptor.intercept(ClasspathAlignmentCheckingLauncherInterceptor.java:25) ~[junit-platform-launcher-1.12.2.jar:1.12.2]
	at org.junit.platform.launcher.core.InterceptingLauncher.execute(InterceptingLauncher.java:38) ~[junit-platform-launcher-1.12.2.jar:1.12.2]
	at org.junit.platform.launcher.core.DelegatingLauncher.execute(DelegatingLauncher.java:47) ~[junit-platform-launcher-1.12.2.jar:1.12.2]
	at org.apache.maven.surefire.junitplatform.LazyLauncher.execute(LazyLauncher.java:56) ~[surefire-junit-platform-3.5.3.jar:3.5.3]
	at org.apache.maven.surefire.junitplatform.JUnitPlatformProvider.execute(JUnitPlatformProvider.java:194) ~[surefire-junit-platform-3.5.3.jar:3.5.3]
	at org.apache.maven.surefire.junitplatform.JUnitPlatformProvider.invokeAllTests(JUnitPlatformProvider.java:150) ~[surefire-junit-platform-3.5.3.jar:3.5.3]
	at org.apache.maven.surefire.junitplatform.JUnitPlatformProvider.invoke(JUnitPlatformProvider.java:124) ~[surefire-junit-platform-3.5.3.jar:3.5.3]
	at org.apache.maven.surefire.booter.ForkedBooter.runSuitesInProcess(ForkedBooter.java:385) ~[surefire-booter-3.5.3.jar:3.5.3]
	at org.apache.maven.surefire.booter.ForkedBooter.execute(ForkedBooter.java:162) ~[surefire-booter-3.5.3.jar:3.5.3]
	at org.apache.maven.surefire.booter.ForkedBooter.run(ForkedBooter.java:507) ~[surefire-booter-3.5.3.jar:3.5.3]
	at org.apache.maven.surefire.booter.ForkedBooter.main(ForkedBooter.java:495) ~[surefire-booter-3.5.3.jar:3.5.3]

]]></system-out>
  </testcase>
  <testcase name="testExtractAllClaimsFromEmptyToken" classname="com.supershopcart.services.JwtTokenServiceTest" time="0.002"/>
  <testcase name="testGenerateAccessTokenThrowsExceptionForEmptyShopperId" classname="com.supershopcart.services.JwtTokenServiceTest" time="0.002"/>
  <testcase name="testIsTokenValidWithoutShopperId" classname="com.supershopcart.services.JwtTokenServiceTest" time="0.003"/>
  <testcase name="testIsTokenValidReturnsFalseForInvalidToken" classname="com.supershopcart.services.JwtTokenServiceTest" time="0.002"/>
  <testcase name="testGetIssuedDateForEmptyToken" classname="com.supershopcart.services.JwtTokenServiceTest" time="0.002"/>
  <testcase name="testInitializeSecretKeyThrowsExceptionForEmptySecret" classname="com.supershopcart.services.JwtTokenServiceTest" time="0.003">
    <system-out><![CDATA[2025-08-06T11:47:21.949+01:00  INFO 8242 --- [supershopcart] [           main] c.s.services.JwtTokenService             : === JWT Service Initialization Debug ===
2025-08-06T11:47:21.949+01:00  INFO 8242 --- [supershopcart] [           main] c.s.services.JwtTokenService             : Secret key string: [PRESENT]
2025-08-06T11:47:21.949+01:00  INFO 8242 --- [supershopcart] [           main] c.s.services.JwtTokenService             : Secret key length: 4
2025-08-06T11:47:21.949+01:00  INFO 8242 --- [supershopcart] [           main] c.s.services.JwtTokenService             : Access token expiration: 3600000
2025-08-06T11:47:21.949+01:00  INFO 8242 --- [supershopcart] [           main] c.s.services.JwtTokenService             : Refresh token expiration: 2592000000
2025-08-06T11:47:21.949+01:00 ERROR 8242 --- [supershopcart] [           main] c.s.services.JwtTokenService             : FAILED to initialize JWT secret key

java.lang.IllegalStateException: JWT secret is empty - check your application.properties
	at com.supershopcart.services.JwtTokenService.initializeSecretKey(JwtTokenService.java:50) ~[classes/:na]
	at java.base/jdk.internal.reflect.DirectMethodHandleAccessor.invoke(DirectMethodHandleAccessor.java:103) ~[na:na]
	at java.base/java.lang.reflect.Method.invoke(Method.java:580) ~[na:na]
	at org.springframework.util.MethodInvoker.invoke(MethodInvoker.java:283) ~[spring-core-6.2.8.jar:6.2.8]
	at org.springframework.test.util.ReflectionTestUtils.invokeMethod(ReflectionTestUtils.java:524) ~[spring-test-6.2.8.jar:6.2.8]
	at org.springframework.test.util.ReflectionTestUtils.invokeMethod(ReflectionTestUtils.java:443) ~[spring-test-6.2.8.jar:6.2.8]
	at com.supershopcart.services.JwtTokenServiceTest.lambda$testInitializeSecretKeyThrowsExceptionForEmptySecret$2(JwtTokenServiceTest.java:75) ~[test-classes/:na]
	at org.junit.jupiter.api.AssertThrows.assertThrows(AssertThrows.java:53) ~[junit-jupiter-api-5.12.2.jar:5.12.2]
	at org.junit.jupiter.api.AssertThrows.assertThrows(AssertThrows.java:35) ~[junit-jupiter-api-5.12.2.jar:5.12.2]
	at org.junit.jupiter.api.Assertions.assertThrows(Assertions.java:3128) ~[junit-jupiter-api-5.12.2.jar:5.12.2]
	at com.supershopcart.services.JwtTokenServiceTest.testInitializeSecretKeyThrowsExceptionForEmptySecret(JwtTokenServiceTest.java:74) ~[test-classes/:na]
	at java.base/jdk.internal.reflect.DirectMethodHandleAccessor.invoke(DirectMethodHandleAccessor.java:103) ~[na:na]
	at java.base/java.lang.reflect.Method.invoke(Method.java:580) ~[na:na]
	at org.junit.platform.commons.util.ReflectionUtils.invokeMethod(ReflectionUtils.java:775) ~[junit-platform-commons-1.12.2.jar:1.12.2]
	at org.junit.platform.commons.support.ReflectionSupport.invokeMethod(ReflectionSupport.java:479) ~[junit-platform-commons-1.12.2.jar:1.12.2]
	at org.junit.jupiter.engine.execution.MethodInvocation.proceed(MethodInvocation.java:60) ~[junit-jupiter-engine-5.12.2.jar:5.12.2]
	at org.junit.jupiter.engine.execution.InvocationInterceptorChain$ValidatingInvocation.proceed(InvocationInterceptorChain.java:131) ~[junit-jupiter-engine-5.12.2.jar:5.12.2]
	at org.junit.jupiter.engine.extension.TimeoutExtension.intercept(TimeoutExtension.java:161) ~[junit-jupiter-engine-5.12.2.jar:5.12.2]
	at org.junit.jupiter.engine.extension.TimeoutExtension.interceptTestableMethod(TimeoutExtension.java:152) ~[junit-jupiter-engine-5.12.2.jar:5.12.2]
	at org.junit.jupiter.engine.extension.TimeoutExtension.interceptTestMethod(TimeoutExtension.java:91) ~[junit-jupiter-engine-5.12.2.jar:5.12.2]
	at org.junit.jupiter.engine.execution.InterceptingExecutableInvoker$ReflectiveInterceptorCall.lambda$ofVoidMethod$0(InterceptingExecutableInvoker.java:112) ~[junit-jupiter-engine-5.12.2.jar:5.12.2]
	at org.junit.jupiter.engine.execution.InterceptingExecutableInvoker.lambda$invoke$0(InterceptingExecutableInvoker.java:94) ~[junit-jupiter-engine-5.12.2.jar:5.12.2]
	at org.junit.jupiter.engine.execution.InvocationInterceptorChain$InterceptedInvocation.proceed(InvocationInterceptorChain.java:106) ~[junit-jupiter-engine-5.12.2.jar:5.12.2]
	at org.junit.jupiter.engine.execution.InvocationInterceptorChain.proceed(InvocationInterceptorChain.java:64) ~[junit-jupiter-engine-5.12.2.jar:5.12.2]
	at org.junit.jupiter.engine.execution.InvocationInterceptorChain.chainAndInvoke(InvocationInterceptorChain.java:45) ~[junit-jupiter-engine-5.12.2.jar:5.12.2]
	at org.junit.jupiter.engine.execution.InvocationInterceptorChain.invoke(InvocationInterceptorChain.java:37) ~[junit-jupiter-engine-5.12.2.jar:5.12.2]
	at org.junit.jupiter.engine.execution.InterceptingExecutableInvoker.invoke(InterceptingExecutableInvoker.java:93) ~[junit-jupiter-engine-5.12.2.jar:5.12.2]
	at org.junit.jupiter.engine.execution.InterceptingExecutableInvoker.invoke(InterceptingExecutableInvoker.java:87) ~[junit-jupiter-engine-5.12.2.jar:5.12.2]
	at org.junit.jupiter.engine.descriptor.TestMethodTestDescriptor.lambda$invokeTestMethod$7(TestMethodTestDescriptor.java:216) ~[junit-jupiter-engine-5.12.2.jar:5.12.2]
	at org.junit.platform.engine.support.hierarchical.ThrowableCollector.execute(ThrowableCollector.java:73) ~[junit-platform-engine-1.12.2.jar:1.12.2]
	at org.junit.jupiter.engine.descriptor.TestMethodTestDescriptor.invokeTestMethod(TestMethodTestDescriptor.java:212) ~[junit-jupiter-engine-5.12.2.jar:5.12.2]
	at org.junit.jupiter.engine.descriptor.TestMethodTestDescriptor.execute(TestMethodTestDescriptor.java:137) ~[junit-jupiter-engine-5.12.2.jar:5.12.2]
	at org.junit.jupiter.engine.descriptor.TestMethodTestDescriptor.execute(TestMethodTestDescriptor.java:69) ~[junit-jupiter-engine-5.12.2.jar:5.12.2]
	at org.junit.platform.engine.support.hierarchical.NodeTestTask.lambda$executeRecursively$6(NodeTestTask.java:156) ~[junit-platform-engine-1.12.2.jar:1.12.2]
	at org.junit.platform.engine.support.hierarchical.ThrowableCollector.execute(ThrowableCollector.java:73) ~[junit-platform-engine-1.12.2.jar:1.12.2]
	at org.junit.platform.engine.support.hierarchical.NodeTestTask.lambda$executeRecursively$8(NodeTestTask.java:146) ~[junit-platform-engine-1.12.2.jar:1.12.2]
	at org.junit.platform.engine.support.hierarchical.Node.around(Node.java:137) ~[junit-platform-engine-1.12.2.jar:1.12.2]
	at org.junit.platform.engine.support.hierarchical.NodeTestTask.lambda$executeRecursively$9(NodeTestTask.java:144) ~[junit-platform-engine-1.12.2.jar:1.12.2]
	at org.junit.platform.engine.support.hierarchical.ThrowableCollector.execute(ThrowableCollector.java:73) ~[junit-platform-engine-1.12.2.jar:1.12.2]
	at org.junit.platform.engine.support.hierarchical.NodeTestTask.executeRecursively(NodeTestTask.java:143) ~[junit-platform-engine-1.12.2.jar:1.12.2]
	at org.junit.platform.engine.support.hierarchical.NodeTestTask.execute(NodeTestTask.java:100) ~[junit-platform-engine-1.12.2.jar:1.12.2]
	at java.base/java.util.ArrayList.forEach(ArrayList.java:1597) ~[na:na]
	at org.junit.platform.engine.support.hierarchical.SameThreadHierarchicalTestExecutorService.invokeAll(SameThreadHierarchicalTestExecutorService.java:41) ~[junit-platform-engine-1.12.2.jar:1.12.2]
	at org.junit.platform.engine.support.hierarchical.NodeTestTask.lambda$executeRecursively$6(NodeTestTask.java:160) ~[junit-platform-engine-1.12.2.jar:1.12.2]
	at org.junit.platform.engine.support.hierarchical.ThrowableCollector.execute(ThrowableCollector.java:73) ~[junit-platform-engine-1.12.2.jar:1.12.2]
	at org.junit.platform.engine.support.hierarchical.NodeTestTask.lambda$executeRecursively$8(NodeTestTask.java:146) ~[junit-platform-engine-1.12.2.jar:1.12.2]
	at org.junit.platform.engine.support.hierarchical.Node.around(Node.java:137) ~[junit-platform-engine-1.12.2.jar:1.12.2]
	at org.junit.platform.engine.support.hierarchical.NodeTestTask.lambda$executeRecursively$9(NodeTestTask.java:144) ~[junit-platform-engine-1.12.2.jar:1.12.2]
	at org.junit.platform.engine.support.hierarchical.ThrowableCollector.execute(ThrowableCollector.java:73) ~[junit-platform-engine-1.12.2.jar:1.12.2]
	at org.junit.platform.engine.support.hierarchical.NodeTestTask.executeRecursively(NodeTestTask.java:143) ~[junit-platform-engine-1.12.2.jar:1.12.2]
	at org.junit.platform.engine.support.hierarchical.NodeTestTask.execute(NodeTestTask.java:100) ~[junit-platform-engine-1.12.2.jar:1.12.2]
	at java.base/java.util.ArrayList.forEach(ArrayList.java:1597) ~[na:na]
	at org.junit.platform.engine.support.hierarchical.SameThreadHierarchicalTestExecutorService.invokeAll(SameThreadHierarchicalTestExecutorService.java:41) ~[junit-platform-engine-1.12.2.jar:1.12.2]
	at org.junit.platform.engine.support.hierarchical.NodeTestTask.lambda$executeRecursively$6(NodeTestTask.java:160) ~[junit-platform-engine-1.12.2.jar:1.12.2]
	at org.junit.platform.engine.support.hierarchical.ThrowableCollector.execute(ThrowableCollector.java:73) ~[junit-platform-engine-1.12.2.jar:1.12.2]
	at org.junit.platform.engine.support.hierarchical.NodeTestTask.lambda$executeRecursively$8(NodeTestTask.java:146) ~[junit-platform-engine-1.12.2.jar:1.12.2]
	at org.junit.platform.engine.support.hierarchical.Node.around(Node.java:137) ~[junit-platform-engine-1.12.2.jar:1.12.2]
	at org.junit.platform.engine.support.hierarchical.NodeTestTask.lambda$executeRecursively$9(NodeTestTask.java:144) ~[junit-platform-engine-1.12.2.jar:1.12.2]
	at org.junit.platform.engine.support.hierarchical.ThrowableCollector.execute(ThrowableCollector.java:73) ~[junit-platform-engine-1.12.2.jar:1.12.2]
	at org.junit.platform.engine.support.hierarchical.NodeTestTask.executeRecursively(NodeTestTask.java:143) ~[junit-platform-engine-1.12.2.jar:1.12.2]
	at org.junit.platform.engine.support.hierarchical.NodeTestTask.execute(NodeTestTask.java:100) ~[junit-platform-engine-1.12.2.jar:1.12.2]
	at org.junit.platform.engine.support.hierarchical.SameThreadHierarchicalTestExecutorService.submit(SameThreadHierarchicalTestExecutorService.java:35) ~[junit-platform-engine-1.12.2.jar:1.12.2]
	at org.junit.platform.engine.support.hierarchical.HierarchicalTestExecutor.execute(HierarchicalTestExecutor.java:57) ~[junit-platform-engine-1.12.2.jar:1.12.2]
	at org.junit.platform.engine.support.hierarchical.HierarchicalTestEngine.execute(HierarchicalTestEngine.java:54) ~[junit-platform-engine-1.12.2.jar:1.12.2]
	at org.junit.platform.launcher.core.EngineExecutionOrchestrator.execute(EngineExecutionOrchestrator.java:201) ~[junit-platform-launcher-1.12.2.jar:1.12.2]
	at org.junit.platform.launcher.core.EngineExecutionOrchestrator.execute(EngineExecutionOrchestrator.java:170) ~[junit-platform-launcher-1.12.2.jar:1.12.2]
	at org.junit.platform.launcher.core.EngineExecutionOrchestrator.execute(EngineExecutionOrchestrator.java:94) ~[junit-platform-launcher-1.12.2.jar:1.12.2]
	at org.junit.platform.launcher.core.EngineExecutionOrchestrator.lambda$execute$0(EngineExecutionOrchestrator.java:59) ~[junit-platform-launcher-1.12.2.jar:1.12.2]
	at org.junit.platform.launcher.core.EngineExecutionOrchestrator.withInterceptedStreams(EngineExecutionOrchestrator.java:142) ~[junit-platform-launcher-1.12.2.jar:1.12.2]
	at org.junit.platform.launcher.core.EngineExecutionOrchestrator.execute(EngineExecutionOrchestrator.java:58) ~[junit-platform-launcher-1.12.2.jar:1.12.2]
	at org.junit.platform.launcher.core.DefaultLauncher.execute(DefaultLauncher.java:103) ~[junit-platform-launcher-1.12.2.jar:1.12.2]
	at org.junit.platform.launcher.core.DefaultLauncher.execute(DefaultLauncher.java:85) ~[junit-platform-launcher-1.12.2.jar:1.12.2]
	at org.junit.platform.launcher.core.DelegatingLauncher.execute(DelegatingLauncher.java:47) ~[junit-platform-launcher-1.12.2.jar:1.12.2]
	at org.junit.platform.launcher.core.InterceptingLauncher.lambda$execute$1(InterceptingLauncher.java:39) ~[junit-platform-launcher-1.12.2.jar:1.12.2]
	at org.junit.platform.launcher.core.ClasspathAlignmentCheckingLauncherInterceptor.intercept(ClasspathAlignmentCheckingLauncherInterceptor.java:25) ~[junit-platform-launcher-1.12.2.jar:1.12.2]
	at org.junit.platform.launcher.core.InterceptingLauncher.execute(InterceptingLauncher.java:38) ~[junit-platform-launcher-1.12.2.jar:1.12.2]
	at org.junit.platform.launcher.core.DelegatingLauncher.execute(DelegatingLauncher.java:47) ~[junit-platform-launcher-1.12.2.jar:1.12.2]
	at org.apache.maven.surefire.junitplatform.LazyLauncher.execute(LazyLauncher.java:56) ~[surefire-junit-platform-3.5.3.jar:3.5.3]
	at org.apache.maven.surefire.junitplatform.JUnitPlatformProvider.execute(JUnitPlatformProvider.java:194) ~[surefire-junit-platform-3.5.3.jar:3.5.3]
	at org.apache.maven.surefire.junitplatform.JUnitPlatformProvider.invokeAllTests(JUnitPlatformProvider.java:150) ~[surefire-junit-platform-3.5.3.jar:3.5.3]
	at org.apache.maven.surefire.junitplatform.JUnitPlatformProvider.invoke(JUnitPlatformProvider.java:124) ~[surefire-junit-platform-3.5.3.jar:3.5.3]
	at org.apache.maven.surefire.booter.ForkedBooter.runSuitesInProcess(ForkedBooter.java:385) ~[surefire-booter-3.5.3.jar:3.5.3]
	at org.apache.maven.surefire.booter.ForkedBooter.execute(ForkedBooter.java:162) ~[surefire-booter-3.5.3.jar:3.5.3]
	at org.apache.maven.surefire.booter.ForkedBooter.run(ForkedBooter.java:507) ~[surefire-booter-3.5.3.jar:3.5.3]
	at org.apache.maven.surefire.booter.ForkedBooter.main(ForkedBooter.java:495) ~[surefire-booter-3.5.3.jar:3.5.3]

2025-08-06T11:47:21.950+01:00 ERROR 8242 --- [supershopcart] [           main] c.s.services.JwtTokenService             : Exception type: IllegalStateException
2025-08-06T11:47:21.950+01:00 ERROR 8242 --- [supershopcart] [           main] c.s.services.JwtTokenService             : Exception message: JWT secret is empty - check your application.properties
]]></system-out>
  </testcase>
  <testcase name="testIsTokenExpiredReturnsTrueForEmptyToken" classname="com.supershopcart.services.JwtTokenServiceTest" time="0.002"/>
  <testcase name="testGetExpirationDateForNullToken" classname="com.supershopcart.services.JwtTokenServiceTest" time="0.002"/>
  <testcase name="testIsTokenExpiredReturnsFalseForValidToken" classname="com.supershopcart.services.JwtTokenServiceTest" time="0.003"/>
  <testcase name="testIsTokenValidReturnsFalseForNullTokenWithoutShopperId" classname="com.supershopcart.services.JwtTokenServiceTest" time="0.002"/>
  <testcase name="testIsTokenValidReturnsFalseForWrongShopper" classname="com.supershopcart.services.JwtTokenServiceTest" time="0.003"/>
</testsuite>